[I 2021-12-03 20:09:16.800 ServerApp] jupyterlab | extension was successfully linked.
[I 2021-12-03 20:09:17.213 ServerApp] jupyter_nbextensions_configurator | extension was found and enabled by nbclassic. Consider moving the extension to Jupyter Server's extension paths.
[I 2021-12-03 20:09:17.213 ServerApp] jupyter_nbextensions_configurator | extension was successfully linked.
[I 2021-12-03 20:09:17.236 ServerApp] ipyparallel.nbextension | extension was found and enabled by nbclassic. Consider moving the extension to Jupyter Server's extension paths.
[I 2021-12-03 20:09:17.236 ServerApp] ipyparallel.nbextension | extension was successfully linked.
[I 2021-12-03 20:09:17.236 ServerApp] nbclassic | extension was successfully linked.
[I 2021-12-03 20:09:17.281 ServerApp] nbclassic | extension was successfully loaded.
[I 2021-12-03 20:09:17.281 ServerApp] Loading IPython parallel extension
[I 2021-12-03 20:09:17.283 ServerApp] ipyparallel.nbextension | extension was successfully loaded.
[I 2021-12-03 20:09:17.284 ServerApp] [jupyter_nbextensions_configurator] enabled 0.4.1
[I 2021-12-03 20:09:17.284 ServerApp] jupyter_nbextensions_configurator | extension was successfully loaded.
[I 2021-12-03 20:09:17.286 LabApp] JupyterLab extension loaded from /home/idnm/.local/lib/python3.8/site-packages/jupyterlab
[I 2021-12-03 20:09:17.286 LabApp] JupyterLab application directory is /home/idnm/.local/share/jupyter/lab
[I 2021-12-03 20:09:17.290 ServerApp] jupyterlab | extension was successfully loaded.
[I 2021-12-03 20:09:17.291 ServerApp] Serving notebooks from local directory: /home/idnm/Dropbox/hep/Sheets/Quantum Computing/blog/_notebooks
[I 2021-12-03 20:09:17.291 ServerApp] Jupyter Server 1.8.0 is running at:
[I 2021-12-03 20:09:17.291 ServerApp] http://localhost:8888/lab?token=6f8b88caccf0dd08665519072187f00973d64a3135266d81
[I 2021-12-03 20:09:17.291 ServerApp]     http://127.0.0.1:8888/lab?token=6f8b88caccf0dd08665519072187f00973d64a3135266d81
[I 2021-12-03 20:09:17.291 ServerApp] Use Control-C to stop this server and shut down all kernels (twice to skip confirmation).
[C 2021-12-03 20:09:17.359 ServerApp] 
    
    To access the server, open this file in a browser:
        file:///home/idnm/.local/share/jupyter/runtime/jpserver-8388-open.html
    Or copy and paste one of these URLs:
        http://localhost:8888/lab?token=6f8b88caccf0dd08665519072187f00973d64a3135266d81
        http://127.0.0.1:8888/lab?token=6f8b88caccf0dd08665519072187f00973d64a3135266d81
[W 2021-12-03 20:09:22.420 ServerApp] 404 GET /spellchecker/language_manager?1638551361819 (127.0.0.1) 123.63ms referer=http://localhost:8888/lab
[I 2021-12-03 20:09:22.443 LabApp] Build is up to date
[W 2021-12-03 20:09:22.977 ServerApp] Config option `template_path` not recognized by `ExporterCollapsibleHeadings`.  Did you mean one of: `extra_template_paths, template_name, template_paths`?
[W 2021-12-03 20:09:22.998 ServerApp] Config option `template_path` not recognized by `ExporterCollapsibleHeadings`.  Did you mean one of: `extra_template_paths, template_name, template_paths`?
[W 2021-12-03 20:09:23.015 ServerApp] Config option `template_path` not recognized by `ExporterCollapsibleHeadings`.  Did you mean one of: `extra_template_paths, template_name, template_paths`?
[W 2021-12-03 20:09:23.022 ServerApp] Config option `template_path` not recognized by `ExporterCollapsibleHeadings`.  Did you mean one of: `extra_template_paths, template_name, template_paths`?
[W 2021-12-03 20:09:23.127 ServerApp] Config option `template_path` not recognized by `TocExporter`.  Did you mean one of: `extra_template_paths, template_name, template_paths`?
[W 2021-12-03 20:09:23.140 ServerApp] Config option `template_path` not recognized by `TocExporter`.  Did you mean one of: `extra_template_paths, template_name, template_paths`?
[W 2021-12-03 20:09:23.160 ServerApp] Config option `template_path` not recognized by `TocExporter`.  Did you mean one of: `extra_template_paths, template_name, template_paths`?
[W 2021-12-03 20:09:23.189 ServerApp] Config option `template_path` not recognized by `TocExporter`.  Did you mean one of: `extra_template_paths, template_name, template_paths`?
[W 2021-12-03 20:09:23.236 ServerApp] Config option `template_path` not recognized by `LenvsHTMLExporter`.  Did you mean one of: `extra_template_paths, template_name, template_paths`?
[W 2021-12-03 20:09:23.265 ServerApp] Config option `template_path` not recognized by `LenvsHTMLExporter`.  Did you mean one of: `extra_template_paths, template_name, template_paths`?
[W 2021-12-03 20:09:23.298 ServerApp] Config option `template_path` not recognized by `LenvsHTMLExporter`.  Did you mean one of: `extra_template_paths, template_name, template_paths`?
[W 2021-12-03 20:09:23.302 ServerApp] Config option `template_path` not recognized by `LenvsHTMLExporter`.  Did you mean one of: `extra_template_paths, template_name, template_paths`?
[W 2021-12-03 20:09:23.344 ServerApp] Config option `template_path` not recognized by `LenvsTocHTMLExporter`.  Did you mean one of: `extra_template_paths, template_name, template_paths`?
[W 2021-12-03 20:09:23.360 ServerApp] Config option `template_path` not recognized by `LenvsTocHTMLExporter`.  Did you mean one of: `extra_template_paths, template_name, template_paths`?
[W 2021-12-03 20:09:23.385 ServerApp] Config option `template_path` not recognized by `LenvsTocHTMLExporter`.  Did you mean one of: `extra_template_paths, template_name, template_paths`?
[W 2021-12-03 20:09:23.460 ServerApp] Config option `template_path` not recognized by `LenvsTocHTMLExporter`.  Did you mean one of: `extra_template_paths, template_name, template_paths`?
[W 2021-12-03 20:09:23.523 ServerApp] Config option `template_path` not recognized by `LenvsLatexExporter`.  Did you mean one of: `extra_template_paths, template_name, template_paths`?
[W 2021-12-03 20:09:23.540 ServerApp] Config option `template_path` not recognized by `LenvsLatexExporter`.  Did you mean one of: `extra_template_paths, template_name, template_paths`?
[W 2021-12-03 20:09:23.592 ServerApp] Config option `template_path` not recognized by `LenvsLatexExporter`.  Did you mean one of: `extra_template_paths, template_name, template_paths`?
[W 2021-12-03 20:09:23.612 ServerApp] Config option `template_path` not recognized by `LenvsLatexExporter`.  Did you mean one of: `extra_template_paths, template_name, template_paths`?
[W 2021-12-03 20:09:24.355 ServerApp] Config option `template_path` not recognized by `LenvsSlidesExporter`.  Did you mean one of: `extra_template_paths, template_name, template_paths`?
[W 2021-12-03 20:09:24.370 ServerApp] Config option `template_path` not recognized by `LenvsSlidesExporter`.  Did you mean one of: `extra_template_paths, template_name, template_paths`?
[W 2021-12-03 20:09:24.382 ServerApp] Config option `template_path` not recognized by `LenvsSlidesExporter`.  Did you mean one of: `extra_template_paths, template_name, template_paths`?
[W 2021-12-03 20:09:24.396 ServerApp] Config option `template_path` not recognized by `LenvsSlidesExporter`.  Did you mean one of: `extra_template_paths, template_name, template_paths`?
[W 2021-12-03 20:09:24.716 ServerApp] Config option `template_path` not recognized by `ExporterCollapsibleHeadings`.  Did you mean one of: `extra_template_paths, template_name, template_paths`?
[W 2021-12-03 20:09:24.752 ServerApp] Config option `template_path` not recognized by `ExporterCollapsibleHeadings`.  Did you mean one of: `extra_template_paths, template_name, template_paths`?
[W 2021-12-03 20:09:24.843 ServerApp] Config option `template_path` not recognized by `TocExporter`.  Did you mean one of: `extra_template_paths, template_name, template_paths`?
[W 2021-12-03 20:09:24.857 ServerApp] Config option `template_path` not recognized by `TocExporter`.  Did you mean one of: `extra_template_paths, template_name, template_paths`?
[W 2021-12-03 20:09:24.881 ServerApp] Config option `template_path` not recognized by `LenvsHTMLExporter`.  Did you mean one of: `extra_template_paths, template_name, template_paths`?
[W 2021-12-03 20:09:24.898 ServerApp] Config option `template_path` not recognized by `LenvsHTMLExporter`.  Did you mean one of: `extra_template_paths, template_name, template_paths`?
[W 2021-12-03 20:09:24.932 ServerApp] Config option `template_path` not recognized by `LenvsTocHTMLExporter`.  Did you mean one of: `extra_template_paths, template_name, template_paths`?
[W 2021-12-03 20:09:24.997 ServerApp] Config option `template_path` not recognized by `LenvsTocHTMLExporter`.  Did you mean one of: `extra_template_paths, template_name, template_paths`?
[W 2021-12-03 20:09:25.069 ServerApp] Config option `template_path` not recognized by `LenvsLatexExporter`.  Did you mean one of: `extra_template_paths, template_name, template_paths`?
[W 2021-12-03 20:09:25.109 ServerApp] Config option `template_path` not recognized by `LenvsLatexExporter`.  Did you mean one of: `extra_template_paths, template_name, template_paths`?
[W 2021-12-03 20:09:25.576 ServerApp] Config option `template_path` not recognized by `LenvsSlidesExporter`.  Did you mean one of: `extra_template_paths, template_name, template_paths`?
[W 2021-12-03 20:09:25.595 ServerApp] Config option `template_path` not recognized by `LenvsSlidesExporter`.  Did you mean one of: `extra_template_paths, template_name, template_paths`?
[I 2021-12-03 20:09:26.348 ServerApp] Kernel started: 838a3f40-83fb-4478-9bbc-16b79ebc4567
[I 2021-12-03 20:11:25.563 ServerApp] Saving file at /2021-09-30-Machine learning compilation of quantum circuits -- experiments.ipynb
[I 2021-12-03 20:12:12.033 ServerApp] Kernel restarted: 838a3f40-83fb-4478-9bbc-16b79ebc4567
[I 2021-12-03 20:13:25.742 ServerApp] Saving file at /2021-09-30-Machine learning compilation of quantum circuits -- experiments.ipynb
[I 2021-12-03 20:15:26.002 ServerApp] Saving file at /2021-09-30-Machine learning compilation of quantum circuits -- experiments.ipynb
[I 2021-12-03 20:17:26.216 ServerApp] Saving file at /2021-09-30-Machine learning compilation of quantum circuits -- experiments.ipynb
[I 2021-12-03 20:19:26.419 ServerApp] Saving file at /2021-09-30-Machine learning compilation of quantum circuits -- experiments.ipynb
[I 2021-12-03 20:21:26.709 ServerApp] Saving file at /2021-09-30-Machine learning compilation of quantum circuits -- experiments.ipynb
[I 2021-12-03 20:23:26.907 ServerApp] Saving file at /2021-09-30-Machine learning compilation of quantum circuits -- experiments.ipynb
[I 2021-12-03 20:25:27.065 ServerApp] Saving file at /2021-09-30-Machine learning compilation of quantum circuits -- experiments.ipynb
[I 2021-12-03 20:27:27.297 ServerApp] Saving file at /2021-09-30-Machine learning compilation of quantum circuits -- experiments.ipynb
[I 2021-12-03 20:29:27.560 ServerApp] Saving file at /2021-09-30-Machine learning compilation of quantum circuits -- experiments.ipynb
[I 2021-12-03 20:31:27.708 ServerApp] Saving file at /2021-09-30-Machine learning compilation of quantum circuits -- experiments.ipynb
[I 2021-12-03 20:33:27.903 ServerApp] Saving file at /2021-09-30-Machine learning compilation of quantum circuits -- experiments.ipynb
[I 2021-12-03 20:34:49.717 ServerApp] Kernel restarted: 838a3f40-83fb-4478-9bbc-16b79ebc4567
[I 2021-12-03 20:35:28.110 ServerApp] Saving file at /2021-09-30-Machine learning compilation of quantum circuits -- experiments.ipynb
[I 2021-12-03 20:37:28.435 ServerApp] Saving file at /2021-09-30-Machine learning compilation of quantum circuits -- experiments.ipynb
[I 2021-12-03 20:39:28.635 ServerApp] Saving file at /2021-09-30-Machine learning compilation of quantum circuits -- experiments.ipynb
[I 2021-12-03 20:41:28.847 ServerApp] Saving file at /2021-09-30-Machine learning compilation of quantum circuits -- experiments.ipynb
[I 2021-12-03 20:43:29.044 ServerApp] Saving file at /2021-09-30-Machine learning compilation of quantum circuits -- experiments.ipynb
[I 2021-12-03 20:45:29.271 ServerApp] Saving file at /2021-09-30-Machine learning compilation of quantum circuits -- experiments.ipynb
[I 2021-12-03 20:47:29.470 ServerApp] Saving file at /2021-09-30-Machine learning compilation of quantum circuits -- experiments.ipynb
[I 2021-12-03 20:49:29.691 ServerApp] Saving file at /2021-09-30-Machine learning compilation of quantum circuits -- experiments.ipynb
[I 2021-12-03 20:50:39.735 ServerApp] Saving file at /2021-09-30-Machine learning compilation of quantum circuits -- experiments.ipynb
[I 2021-12-03 20:52:39.937 ServerApp] Saving file at /2021-09-30-Machine learning compilation of quantum circuits -- experiments.ipynb
[I 2021-12-03 20:54:40.211 ServerApp] Saving file at /2021-09-30-Machine learning compilation of quantum circuits -- experiments.ipynb
[I 2021-12-03 20:56:40.376 ServerApp] Saving file at /2021-09-30-Machine learning compilation of quantum circuits -- experiments.ipynb
[I 2021-12-03 20:58:40.614 ServerApp] Saving file at /2021-09-30-Machine learning compilation of quantum circuits -- experiments.ipynb
[I 2021-12-03 21:00:40.776 ServerApp] Saving file at /2021-09-30-Machine learning compilation of quantum circuits -- experiments.ipynb
[I 2021-12-03 21:02:40.973 ServerApp] Saving file at /2021-09-30-Machine learning compilation of quantum circuits -- experiments.ipynb
[I 2021-12-03 21:04:41.277 ServerApp] Saving file at /2021-09-30-Machine learning compilation of quantum circuits -- experiments.ipynb
[I 2021-12-03 21:06:41.449 ServerApp] Saving file at /2021-09-30-Machine learning compilation of quantum circuits -- experiments.ipynb
[I 2021-12-03 21:08:41.724 ServerApp] Saving file at /2021-09-30-Machine learning compilation of quantum circuits -- experiments.ipynb
[I 2021-12-03 21:10:41.912 ServerApp] Saving file at /2021-09-30-Machine learning compilation of quantum circuits -- experiments.ipynb
[I 2021-12-03 21:12:42.147 ServerApp] Saving file at /2021-09-30-Machine learning compilation of quantum circuits -- experiments.ipynb
[I 2021-12-03 21:14:42.458 ServerApp] Saving file at /2021-09-30-Machine learning compilation of quantum circuits -- experiments.ipynb
[I 2021-12-03 21:16:42.715 ServerApp] Saving file at /2021-09-30-Machine learning compilation of quantum circuits -- experiments.ipynb
[I 2021-12-03 21:18:42.924 ServerApp] Saving file at /2021-09-30-Machine learning compilation of quantum circuits -- experiments.ipynb
[I 2021-12-03 21:20:43.115 ServerApp] Saving file at /2021-09-30-Machine learning compilation of quantum circuits -- experiments.ipynb
[I 2021-12-03 21:22:43.365 ServerApp] Saving file at /2021-09-30-Machine learning compilation of quantum circuits -- experiments.ipynb
[I 2021-12-03 21:24:43.675 ServerApp] Saving file at /2021-09-30-Machine learning compilation of quantum circuits -- experiments.ipynb
[I 2021-12-03 21:26:02.657 ServerApp] Kernel restarted: 838a3f40-83fb-4478-9bbc-16b79ebc4567
[I 2021-12-03 21:26:43.966 ServerApp] Saving file at /2021-09-30-Machine learning compilation of quantum circuits -- experiments.ipynb
[I 2021-12-03 21:28:44.194 ServerApp] Saving file at /2021-09-30-Machine learning compilation of quantum circuits -- experiments.ipynb
[I 2021-12-03 21:29:21.080 ServerApp] Saving file at /2021-09-30-Machine learning compilation of quantum circuits -- experiments.ipynb
